/usr/bin/openssl
Generating RSA private key, 1024 bit long modulus
.....................++++++
.....++++++
e is 65537 (0x10001)
[1470103029.705490] us.c:700:main() 
[1470103029.705502] us.c:702:main() Loading key
[1470103029.705504] us.c:466:load_file() 
[1470103029.705505] us.c:441:get_file_size() 
[1470103029.705513] us.c:459:get_file_size() File size is 887
[1470103029.705518] us.c:496:load_file() Could not close file: No such file or directory
[1470103029.705521] us.c:709:main() Loading certificate
[1470103029.705523] us.c:466:load_file() 
[1470103029.705523] us.c:441:get_file_size() 
[1470103029.705532] us.c:459:get_file_size() File size is 867
[1470103029.705535] us.c:496:load_file() Could not close file: No such file or directory
[1470103029.705536] us.c:719:main() Creating service
[1470103029.705537] us.c:301:service_create() 
[1470103029.705548] us.c:324:service_create() Parsing service .
[1470103029.705549] us.c:266:service_parse() 
[1470103029.705561] us.c:279:service_parse() Reading resource ./server.pem
[1470103029.705563] us.c:228:resource_create() 
[1470103029.705565] us.c:246:resource_create() Could not open dir 0x11bab90
[1470103029.705567] us.c:284:service_parse() Could not create resource ./server.pem
FAIL empty2/empty2.sh (exit status: 1)
